# JRE version: OpenJDK Runtime Environment Temurin-17.0.7+7 (17.0.7+7) (build 17.0.7+7)
# Java VM: OpenJDK 64-Bit Server VM Temurin-17.0.7+7 (17.0.7+7, mixed mode, tiered, compressed oops, compressed class ptrs, parallel gc, windows-amd64)
GC Precious Log:
 CPUs: 4 total, 4 available
 Memory: 8077M
 Large Page Support: Disabled
 NUMA Support: Disabled
 Compressed Oops: Enabled (32-bit)
 Alignments: Space 512K, Generation 512K, Heap 2M
 Heap Min Capacity: 100M
 Heap Initial Capacity: 100M
 Heap Max Capacity: 1G
 Pre-touch: Disabled
 Parallel Workers: 4
Heap:
 PSYoungGen      total 9728K, used 5121K [0x00000000eab00000, 0x00000000eb900000, 0x0000000100000000)
  eden space 8704K, 47% used [0x00000000eab00000,0x00000000eaf044f0,0x00000000eb380000)
  from space 1024K, 98% used [0x00000000eb800000,0x00000000eb8fc010,0x00000000eb900000)
  to   space 1536K, 0% used [0x00000000eb600000,0x00000000eb600000,0x00000000eb780000)
 ParOldGen       total 119808K, used 95018K [0x00000000c0000000, 0x00000000c7500000, 0x00000000eab00000)
  object space 119808K, 79% used [0x00000000c0000000,0x00000000c5ccaae0,0x00000000c7500000)
 Metaspace       used 70419K, committed 71680K, reserved 1114112K
  class space    used 7297K, committed 7872K, reserved 1048576K
GC Heap History (20 events):
Event: 25.816 GC heap before
{Heap before GC invocations=64 (full 5):
 PSYoungGen      total 10240K, used 10233K [0x00000000eab00000, 0x00000000ec000000, 0x0000000100000000)
  eden space 6144K, 100% used [0x00000000eab00000,0x00000000eb100000,0x00000000eb100000)
  from space 4096K, 99% used [0x00000000ebc00000,0x00000000ebffe4f8,0x00000000ec000000)
  to   space 5120K, 0% used [0x00000000eb600000,0x00000000eb600000,0x00000000ebb00000)
 ParOldGen       total 118272K, used 106990K [0x00000000c0000000, 0x00000000c7380000, 0x00000000eab00000)
  object space 118272K, 90% used [0x00000000c0000000,0x00000000c687b9f8,0x00000000c7380000)
 Metaspace       used 68653K, committed 69888K, reserved 1114112K
  class space    used 7157K, committed 7680K, reserved 1048576K
}
Event: 25.822 GC heap after
{Heap after GC invocations=64 (full 5):
 PSYoungGen      total 12800K, used 5036K [0x00000000eab00000, 0x00000000ebd80000, 0x0000000100000000)
  eden space 7680K, 0% used [0x00000000eab00000,0x00000000eab00000,0x00000000eb280000)
  from space 5120K, 98% used [0x00000000eb600000,0x00000000ebaeb2a8,0x00000000ebb00000)
  to   space 2560K, 0% used [0x00000000ebb00000,0x00000000ebb00000,0x00000000ebd80000)
 ParOldGen       total 118272K, used 111078K [0x00000000c0000000, 0x00000000c7380000, 0x00000000eab00000)
  object space 118272K, 93% used [0x00000000c0000000,0x00000000c6c79b18,0x00000000c7380000)
 Metaspace       used 68653K, committed 69888K, reserved 1114112K
  class space    used 7157K, committed 7680K, reserved 1048576K
}
Event: 26.268 GC heap before
{Heap before GC invocations=65 (full 5):
 PSYoungGen      total 12800K, used 12716K [0x00000000eab00000, 0x00000000ebd80000, 0x0000000100000000)
  eden space 7680K, 100% used [0x00000000eab00000,0x00000000eb280000,0x00000000eb280000)
  from space 5120K, 98% used [0x00000000eb600000,0x00000000ebaeb2a8,0x00000000ebb00000)
  to   space 2560K, 0% used [0x00000000ebb00000,0x00000000ebb00000,0x00000000ebd80000)
 ParOldGen       total 118272K, used 111078K [0x00000000c0000000, 0x00000000c7380000, 0x00000000eab00000)
  object space 118272K, 93% used [0x00000000c0000000,0x00000000c6c79b18,0x00000000c7380000)
 Metaspace       used 69366K, committed 70592K, reserved 1114112K
  class space    used 7231K, committed 7808K, reserved 1048576K
}
Event: 26.274 GC heap after
{Heap after GC invocations=65 (full 5):
 PSYoungGen      total 10240K, used 1152K [0x00000000eab00000, 0x00000000ebc80000, 0x0000000100000000)
  eden space 8704K, 0% used [0x00000000eab00000,0x00000000eab00000,0x00000000eb380000)
  from space 1536K, 75% used [0x00000000ebb00000,0x00000000ebc20000,0x00000000ebc80000)
  to   space 3072K, 0% used [0x00000000eb680000,0x00000000eb680000,0x00000000eb980000)
 ParOldGen       total 118272K, used 113526K [0x00000000c0000000, 0x00000000c7380000, 0x00000000eab00000)
  object space 118272K, 95% used [0x00000000c0000000,0x00000000c6eddb18,0x00000000c7380000)
 Metaspace       used 69366K, committed 70592K, reserved 1114112K
  class space    used 7231K, committed 7808K, reserved 1048576K
}
Event: 27.332 GC heap before
{Heap before GC invocations=66 (full 5):
 PSYoungGen      total 10240K, used 9856K [0x00000000eab00000, 0x00000000ebc80000, 0x0000000100000000)
  eden space 8704K, 100% used [0x00000000eab00000,0x00000000eb380000,0x00000000eb380000)
  from space 1536K, 75% used [0x00000000ebb00000,0x00000000ebc20000,0x00000000ebc80000)
  to   space 3072K, 0% used [0x00000000eb680000,0x00000000eb680000,0x00000000eb980000)
 ParOldGen       total 118272K, used 113526K [0x00000000c0000000, 0x00000000c7380000, 0x00000000eab00000)
  object space 118272K, 95% used [0x00000000c0000000,0x00000000c6eddb18,0x00000000c7380000)
 Metaspace       used 69685K, committed 70912K, reserved 1114112K
  class space    used 7253K, committed 7808K, reserved 1048576K
}
Event: 27.335 GC heap after
{Heap after GC invocations=66 (full 5):
 PSYoungGen      total 11776K, used 768K [0x00000000eab00000, 0x00000000ebb80000, 0x0000000100000000)
  eden space 8704K, 0% used [0x00000000eab00000,0x00000000eab00000,0x00000000eb380000)
  from space 3072K, 25% used [0x00000000eb680000,0x00000000eb740020,0x00000000eb980000)
  to   space 1536K, 0% used [0x00000000eba00000,0x00000000eba00000,0x00000000ebb80000)
 ParOldGen       total 118272K, used 114549K [0x00000000c0000000, 0x00000000c7380000, 0x00000000eab00000)
  object space 118272K, 96% used [0x00000000c0000000,0x00000000c6fdd698,0x00000000c7380000)
 Metaspace       used 69685K, committed 70912K, reserved 1114112K
  class space    used 7253K, committed 7808K, reserved 1048576K
}
Event: 28.565 GC heap before
{Heap before GC invocations=67 (full 5):
 PSYoungGen      total 11776K, used 9472K [0x00000000eab00000, 0x00000000ebb80000, 0x0000000100000000)
  eden space 8704K, 100% used [0x00000000eab00000,0x00000000eb380000,0x00000000eb380000)
  from space 3072K, 25% used [0x00000000eb680000,0x00000000eb740020,0x00000000eb980000)
  to   space 1536K, 0% used [0x00000000eba00000,0x00000000eba00000,0x00000000ebb80000)
 ParOldGen       total 118272K, used 114549K [0x00000000c0000000, 0x00000000c7380000, 0x00000000eab00000)
  object space 118272K, 96% used [0x00000000c0000000,0x00000000c6fdd698,0x00000000c7380000)
 Metaspace       used 69787K, committed 70976K, reserved 1114112K
  class space    used 7254K, committed 7808K, reserved 1048576K
}
Event: 28.567 GC heap after
{Heap after GC invocations=67 (full 5):
 PSYoungGen      total 10240K, used 1088K [0x00000000eab00000, 0x00000000ebb80000, 0x0000000100000000)
  eden space 8704K, 0% used [0x00000000eab00000,0x00000000eab00000,0x00000000eb380000)
  from space 1536K, 70% used [0x00000000eba00000,0x00000000ebb10000,0x00000000ebb80000)
  to   space 1536K, 0% used [0x00000000eb880000,0x00000000eb880000,0x00000000eba00000)
 ParOldGen       total 118272K, used 115157K [0x00000000c0000000, 0x00000000c7380000, 0x00000000eab00000)
  object space 118272K, 97% used [0x00000000c0000000,0x00000000c7075698,0x00000000c7380000)
 Metaspace       used 69787K, committed 70976K, reserved 1114112K
  class space    used 7254K, committed 7808K, reserved 1048576K
}
Event: 28.718 GC heap before
{Heap before GC invocations=68 (full 5):
 PSYoungGen      total 10240K, used 9792K [0x00000000eab00000, 0x00000000ebb80000, 0x0000000100000000)
  eden space 8704K, 100% used [0x00000000eab00000,0x00000000eb380000,0x00000000eb380000)
  from space 1536K, 70% used [0x00000000eba00000,0x00000000ebb10000,0x00000000ebb80000)
  to   space 1536K, 0% used [0x00000000eb880000,0x00000000eb880000,0x00000000eba00000)
 ParOldGen       total 118272K, used 115157K [0x00000000c0000000, 0x00000000c7380000, 0x00000000eab00000)
  object space 118272K, 97% used [0x00000000c0000000,0x00000000c7075698,0x00000000c7380000)
 Metaspace       used 69841K, committed 71104K, reserved 1114112K
  class space    used 7255K, committed 7808K, reserved 1048576K
}
Event: 28.720 GC heap after
{Heap after GC invocations=68 (full 5):
 PSYoungGen      total 9728K, used 896K [0x00000000eab00000, 0x00000000eba80000, 0x0000000100000000)
  eden space 8704K, 0% used [0x00000000eab00000,0x00000000eab00000,0x00000000eb380000)
  from space 1024K, 87% used [0x00000000eb880000,0x00000000eb960000,0x00000000eb980000)
  to   space 1024K, 0% used [0x00000000eb980000,0x00000000eb980000,0x00000000eba80000)
 ParOldGen       total 118272K, used 116155K [0x00000000c0000000, 0x00000000c7380000, 0x00000000eab00000)
  object space 118272K, 98% used [0x00000000c0000000,0x00000000c716eea8,0x00000000c7380000)
 Metaspace       used 69841K, committed 71104K, reserved 1114112K
  class space    used 7255K, committed 7808K, reserved 1048576K
}
Event: 28.831 GC heap before
{Heap before GC invocations=69 (full 5):
 PSYoungGen      total 9728K, used 9600K [0x00000000eab00000, 0x00000000eba80000, 0x0000000100000000)
  eden space 8704K, 100% used [0x00000000eab00000,0x00000000eb380000,0x00000000eb380000)
  from space 1024K, 87% used [0x00000000eb880000,0x00000000eb960000,0x00000000eb980000)
  to   space 1024K, 0% used [0x00000000eb980000,0x00000000eb980000,0x00000000eba80000)
 ParOldGen       total 118272K, used 116155K [0x00000000c0000000, 0x00000000c7380000, 0x00000000eab00000)
  object space 118272K, 98% used [0x00000000c0000000,0x00000000c716eea8,0x00000000c7380000)
 Metaspace       used 69958K, committed 71168K, reserved 1114112K
  class space    used 7255K, committed 7808K, reserved 1048576K
}
Event: 28.834 GC heap after
{Heap after GC invocations=69 (full 5):
 PSYoungGen      total 9728K, used 1008K [0x00000000eab00000, 0x00000000eba80000, 0x0000000100000000)
  eden space 8704K, 0% used [0x00000000eab00000,0x00000000eab00000,0x00000000eb380000)
  from space 1024K, 98% used [0x00000000eb980000,0x00000000eba7c010,0x00000000eba80000)
  to   space 2048K, 0% used [0x00000000eb680000,0x00000000eb680000,0x00000000eb880000)
 ParOldGen       total 118272K, used 116707K [0x00000000c0000000, 0x00000000c7380000, 0x00000000eab00000)
  object space 118272K, 98% used [0x00000000c0000000,0x00000000c71f8ea8,0x00000000c7380000)
 Metaspace       used 69958K, committed 71168K, reserved 1114112K
  class space    used 7255K, committed 7808K, reserved 1048576K
}
Event: 28.934 GC heap before
{Heap before GC invocations=70 (full 5):
 PSYoungGen      total 9728K, used 9712K [0x00000000eab00000, 0x00000000eba80000, 0x0000000100000000)
  eden space 8704K, 100% used [0x00000000eab00000,0x00000000eb380000,0x00000000eb380000)
  from space 1024K, 98% used [0x00000000eb980000,0x00000000eba7c010,0x00000000eba80000)
  to   space 2048K, 0% used [0x00000000eb680000,0x00000000eb680000,0x00000000eb880000)
 ParOldGen       total 118272K, used 116707K [0x00000000c0000000, 0x00000000c7380000, 0x00000000eab00000)
  object space 118272K, 98% used [0x00000000c0000000,0x00000000c71f8ea8,0x00000000c7380000)
 Metaspace       used 70171K, committed 71360K, reserved 1114112K
  class space    used 7281K, committed 7808K, reserved 1048576K
}
Event: 28.936 GC heap after
{Heap after GC invocations=70 (full 5):
 PSYoungGen      total 10752K, used 928K [0x00000000eab00000, 0x00000000eba00000, 0x0000000100000000)
  eden space 8704K, 0% used [0x00000000eab00000,0x00000000eab00000,0x00000000eb380000)
  from space 2048K, 45% used [0x00000000eb680000,0x00000000eb768000,0x00000000eb880000)
  to   space 1536K, 0% used [0x00000000eb880000,0x00000000eb880000,0x00000000eba00000)
 ParOldGen       total 118272K, used 117627K [0x00000000c0000000, 0x00000000c7380000, 0x00000000eab00000)
  object space 118272K, 99% used [0x00000000c0000000,0x00000000c72deea8,0x00000000c7380000)
 Metaspace       used 70171K, committed 71360K, reserved 1114112K
  class space    used 7281K, committed 7808K, reserved 1048576K
}
Event: 28.936 GC heap before
{Heap before GC invocations=71 (full 6):
 PSYoungGen      total 10752K, used 928K [0x00000000eab00000, 0x00000000eba00000, 0x0000000100000000)
  eden space 8704K, 0% used [0x00000000eab00000,0x00000000eab00000,0x00000000eb380000)
  from space 2048K, 45% used [0x00000000eb680000,0x00000000eb768000,0x00000000eb880000)
  to   space 1536K, 0% used [0x00000000eb880000,0x00000000eb880000,0x00000000eba00000)
 ParOldGen       total 118272K, used 117627K [0x00000000c0000000, 0x00000000c7380000, 0x00000000eab00000)
  object space 118272K, 99% used [0x00000000c0000000,0x00000000c72deea8,0x00000000c7380000)
 Metaspace       used 70171K, committed 71360K, reserved 1114112K
  class space    used 7281K, committed 7808K, reserved 1048576K
}
Event: 29.084 GC heap after
{Heap after GC invocations=71 (full 6):
 PSYoungGen      total 9216K, used 0K [0x00000000eab00000, 0x00000000eb900000, 0x0000000100000000)
  eden space 8704K, 0% used [0x00000000eab00000,0x00000000eab00000,0x00000000eb380000)
  from space 512K, 0% used [0x00000000eb880000,0x00000000eb880000,0x00000000eb900000)
  to   space 1536K, 0% used [0x00000000eb600000,0x00000000eb600000,0x00000000eb780000)
 ParOldGen       total 119808K, used 94722K [0x00000000c0000000, 0x00000000c7500000, 0x00000000eab00000)
  object space 119808K, 79% used [0x00000000c0000000,0x00000000c5c80ae0,0x00000000c7500000)
 Metaspace       used 70171K, committed 71360K, reserved 1114112K
  class space    used 7281K, committed 7808K, reserved 1048576K
}
Event: 29.479 GC heap before
{Heap before GC invocations=72 (full 6):
 PSYoungGen      total 9216K, used 8704K [0x00000000eab00000, 0x00000000eb900000, 0x0000000100000000)
  eden space 8704K, 100% used [0x00000000eab00000,0x00000000eb380000,0x00000000eb380000)
  from space 512K, 0% used [0x00000000eb880000,0x00000000eb880000,0x00000000eb900000)
  to   space 1536K, 0% used [0x00000000eb600000,0x00000000eb600000,0x00000000eb780000)
 ParOldGen       total 119808K, used 94722K [0x00000000c0000000, 0x00000000c7500000, 0x00000000eab00000)
  object space 119808K, 79% used [0x00000000c0000000,0x00000000c5c80ae0,0x00000000c7500000)
 Metaspace       used 70285K, committed 71552K, reserved 1114112K
  class space    used 7297K, committed 7872K, reserved 1048576K
}
Event: 29.481 GC heap after
{Heap after GC invocations=72 (full 6):
 PSYoungGen      total 10240K, used 864K [0x00000000eab00000, 0x00000000eb900000, 0x0000000100000000)
  eden space 8704K, 0% used [0x00000000eab00000,0x00000000eab00000,0x00000000eb380000)
  from space 1536K, 56% used [0x00000000eb600000,0x00000000eb6d8000,0x00000000eb780000)
  to   space 1024K, 0% used [0x00000000eb800000,0x00000000eb800000,0x00000000eb900000)
 ParOldGen       total 119808K, used 94730K [0x00000000c0000000, 0x00000000c7500000, 0x00000000eab00000)
  object space 119808K, 79% used [0x00000000c0000000,0x00000000c5c82ae0,0x00000000c7500000)
 Metaspace       used 70285K, committed 71552K, reserved 1114112K
  class space    used 7297K, committed 7872K, reserved 1048576K
}
Event: 29.747 GC heap before
{Heap before GC invocations=73 (full 6):
 PSYoungGen      total 10240K, used 9568K [0x00000000eab00000, 0x00000000eb900000, 0x0000000100000000)
  eden space 8704K, 100% used [0x00000000eab00000,0x00000000eb380000,0x00000000eb380000)
  from space 1536K, 56% used [0x00000000eb600000,0x00000000eb6d8000,0x00000000eb780000)
  to   space 1024K, 0% used [0x00000000eb800000,0x00000000eb800000,0x00000000eb900000)
 ParOldGen       total 119808K, used 94730K [0x00000000c0000000, 0x00000000c7500000, 0x00000000eab00000)
  object space 119808K, 79% used [0x00000000c0000000,0x00000000c5c82ae0,0x00000000c7500000)
 Metaspace       used 70394K, committed 71680K, reserved 1114112K
  class space    used 7297K, committed 7872K, reserved 1048576K
}
Event: 29.749 GC heap after
{Heap after GC invocations=73 (full 6):
 PSYoungGen      total 9728K, used 1008K [0x00000000eab00000, 0x00000000eb900000, 0x0000000100000000)
  eden space 8704K, 0% used [0x00000000eab00000,0x00000000eab00000,0x00000000eb380000)
  from space 1024K, 98% used [0x00000000eb800000,0x00000000eb8fc010,0x00000000eb900000)
  to   space 1536K, 0% used [0x00000000eb600000,0x00000000eb600000,0x00000000eb780000)
 ParOldGen       total 119808K, used 95018K [0x00000000c0000000, 0x00000000c7500000, 0x00000000eab00000)
  object space 119808K, 79% used [0x00000000c0000000,0x00000000c5ccaae0,0x00000000c7500000)
 Metaspace       used 70394K, committed 71680K, reserved 1114112K
  class space    used 7297K, committed 7872K, reserved 1048576K
}

